<?xml version="1.0" encoding="UTF-8"?>
<!-- Generated by org.testng.reporters.JUnitReportReporter -->
<testsuite hostname="DESKTOP-VGNOVV5" failures="0" tests="1" name="classes.Sumofcourses" time="3.072" errors="0" timestamp="2024-10-07T14:02:54 IST" skipped="0">
  <testcase classname="classes.Sumofcourses" name="addingCourses" time="3.072"/>
  <system-out/>
</testsuite> <!-- classes.Sumofcourses -->
