<?xml version="1.0" encoding="UTF-8"?>
<!-- Generated by org.testng.reporters.JUnitReportReporter -->
<testsuite hostname="DESKTOP-VGNOVV5" failures="0" tests="3" name="classes.DynamicJson" time="4.442" errors="0" timestamp="2024-10-07T16:34:39 IST" skipped="0">
  <testcase classname="classes.DynamicJson" name="addBook" time="0.379"/>
  <system-out/>
  <testcase classname="classes.DynamicJson" name="addBook" time="3.808"/>
  <system-out/>
  <testcase classname="classes.DynamicJson" name="addBook" time="0.255"/>
  <system-out/>
</testsuite> <!-- classes.DynamicJson -->
